Using pre-set license
Built from '2022.3/release' branch; Version is '2022.3.18f1 (d29bea25151d) revision 13802474'; Using compiler version '192829333'; Build Type 'Release'
OS: 'Windows 11  (10.0.22631) 64bit Core' Language: 'en' Physical Memory: 15774 MB
BatchMode: 1, IsHumanControllingUs: 0, StartBugReporterOnCrash: 0, Is64bit: 1, IsPro: 1

COMMAND LINE ARGUMENTS:
C:\Program Files\Unity\Hub\Editor\2022.3.18f1\Editor\Unity.exe
-adb2
-batchMode
-noUpm
-name
AssetImportWorker4
-projectPath
C:/Users/hugoj/Desktop/TP1
-logFile
Logs/AssetImportWorker4.log
-srvPort
63423
Successfully changed project path to: C:/Users/hugoj/Desktop/TP1
C:/Users/hugoj/Desktop/TP1
[UnityMemory] Configuration Parameters - Can be set up in boot.config
    "memorysetup-bucket-allocator-granularity=16"
    "memorysetup-bucket-allocator-bucket-count=8"
    "memorysetup-bucket-allocator-block-size=33554432"
    "memorysetup-bucket-allocator-block-count=8"
    "memorysetup-main-allocator-block-size=16777216"
    "memorysetup-thread-allocator-block-size=16777216"
    "memorysetup-gfx-main-allocator-block-size=16777216"
    "memorysetup-gfx-thread-allocator-block-size=16777216"
    "memorysetup-cache-allocator-block-size=4194304"
    "memorysetup-typetree-allocator-block-size=2097152"
    "memorysetup-profiler-bucket-allocator-granularity=16"
    "memorysetup-profiler-bucket-allocator-bucket-count=8"
    "memorysetup-profiler-bucket-allocator-block-size=33554432"
    "memorysetup-profiler-bucket-allocator-block-count=8"
    "memorysetup-profiler-allocator-block-size=16777216"
    "memorysetup-profiler-editor-allocator-block-size=1048576"
    "memorysetup-temp-allocator-size-main=16777216"
    "memorysetup-job-temp-allocator-block-size=2097152"
    "memorysetup-job-temp-allocator-block-size-background=1048576"
    "memorysetup-job-temp-allocator-reduction-small-platforms=262144"
    "memorysetup-allocator-temp-initial-block-size-main=262144"
    "memorysetup-allocator-temp-initial-block-size-worker=262144"
    "memorysetup-temp-allocator-size-background-worker=32768"
    "memorysetup-temp-allocator-size-job-worker=262144"
    "memorysetup-temp-allocator-size-preload-manager=33554432"
    "memorysetup-temp-allocator-size-nav-mesh-worker=65536"
    "memorysetup-temp-allocator-size-audio-worker=65536"
    "memorysetup-temp-allocator-size-cloud-worker=32768"
    "memorysetup-temp-allocator-size-gi-baking-worker=262144"
    "memorysetup-temp-allocator-size-gfx=262144"
Player connection [40252] Host "[IP] 172.22.147.94 [Port] 0 [Flags] 2 [Guid] 3067786376 [EditorId] 3067786376 [Version] 1048832 [Id] WindowsEditor(7,Hugo) [Debug] 1 [PackageName] WindowsEditor [ProjectName] Editor" joined multi-casting on [225.0.0.222:54997]...

Player connection [40252] Host "[IP] 172.22.147.94 [Port] 0 [Flags] 2 [Guid] 3067786376 [EditorId] 3067786376 [Version] 1048832 [Id] WindowsEditor(7,Hugo) [Debug] 1 [PackageName] WindowsEditor [ProjectName] Editor" joined alternative multi-casting on [225.0.0.222:34997]...

[Physics::Module] Initialized MultithreadedJobDispatcher with 15 workers.
Refreshing native plugins compatible for Editor in 9.46 ms, found 3 plugins.
Preloading 0 native plugins for Editor in 0.00 ms.
Initialize engine version: 2022.3.18f1 (d29bea25151d)
[Subsystems] Discovering subsystems at path C:/Program Files/Unity/Hub/Editor/2022.3.18f1/Editor/Data/Resources/UnitySubsystems
[Subsystems] Discovering subsystems at path C:/Users/hugoj/Desktop/TP1/Assets
GfxDevice: creating device client; threaded=0; jobified=0
Direct3D:
    Version:  Direct3D 11.0 [level 11.1]
    Renderer: NVIDIA GeForce RTX 3050 Ti Laptop GPU (ID=0x25a0)
    Vendor:   NVIDIA
    VRAM:     3977 MB
    Driver:   31.0.15.4680
Initialize mono
Mono path[0] = 'C:/Program Files/Unity/Hub/Editor/2022.3.18f1/Editor/Data/Managed'
Mono path[1] = 'C:/Program Files/Unity/Hub/Editor/2022.3.18f1/Editor/Data/MonoBleedingEdge/lib/mono/unityjit-win32'
Mono config path = 'C:/Program Files/Unity/Hub/Editor/2022.3.18f1/Editor/Data/MonoBleedingEdge/etc'
Using monoOptions --debugger-agent=transport=dt_socket,embedding=1,server=y,suspend=n,address=127.0.0.1:56720
Begin MonoManager ReloadAssembly
Registering precompiled unity dll's ...
Register platform support module: C:/Program Files/Unity/Hub/Editor/2022.3.18f1/Editor/Data/PlaybackEngines/iOSSupport/UnityEditor.iOS.Extensions.dll
Register platform support module: C:/Program Files/Unity/Hub/Editor/2022.3.18f1/Editor/Data/PlaybackEngines/WindowsStandaloneSupport/UnityEditor.WindowsStandalone.Extensions.dll
Registered in 0.007605 seconds.
- Loaded All Assemblies, in  0.336 seconds
Native extension for WindowsStandalone target not found
[usbmuxd] Start listen thread
[usbmuxd] Listen thread started
[usbmuxd] Send listen message
Native extension for iOS target not found
Mono: successfully reloaded assembly
- Finished resetting the current domain, in  0.283 seconds
Domain Reload Profiling: 618ms
	BeginReloadAssembly (93ms)
		ExecutionOrderSort (0ms)
		DisableScriptedObjects (0ms)
		BackupInstance (0ms)
		ReleaseScriptingObjects (0ms)
		CreateAndSetChildDomain (1ms)
	RebuildCommonClasses (28ms)
	RebuildNativeTypeToScriptingClass (8ms)
	initialDomainReloadingComplete (52ms)
	LoadAllAssembliesAndSetupDomain (154ms)
		LoadAssemblies (91ms)
		RebuildTransferFunctionScriptingTraits (0ms)
		AnalyzeDomain (152ms)
			TypeCache.Refresh (150ms)
				TypeCache.ScanAssembly (131ms)
			ScanForSourceGeneratedMonoScriptInfo (0ms)
			ResolveRequiredComponents (1ms)
	FinalizeReload (283ms)
		ReleaseScriptCaches (0ms)
		RebuildScriptCaches (0ms)
		SetupLoadedEditorAssemblies (223ms)
			LogAssemblyErrors (0ms)
			InitializePlatformSupportModulesInManaged (36ms)
			SetLoadedEditorAssemblies (5ms)
			RefreshPlugins (0ms)
			BeforeProcessingInitializeOnLoad (2ms)
			ProcessInitializeOnLoadAttributes (140ms)
			ProcessInitializeOnLoadMethodAttributes (39ms)
			AfterProcessingInitializeOnLoad (0ms)
			EditorAssembliesLoaded (0ms)
		ExecutionOrderSort2 (0ms)
		AwakeInstancesAfterBackupRestoration (0ms)
========================================================================
Worker process is ready to serve import requests
Begin MonoManager ReloadAssembly
- Loaded All Assemblies, in  0.563 seconds
Refreshing native plugins compatible for Editor in 4.10 ms, found 3 plugins.
Native extension for WindowsStandalone target not found
Native extension for iOS target not found
Package Manager log level set to [2]
[Package Manager] Server::EnsureServerProcessIsRunning -- launch failed, reason: Unity was launched with the -noUpm command-line argument
[Package Manager] UpmClient::Send -- Unable to send message (not connected to UPM process).
[Package Manager] Cannot connect to Unity Package Manager local server
Mono: successfully reloaded assembly
- Finished resetting the current domain, in  0.534 seconds
Domain Reload Profiling: 1094ms
	BeginReloadAssembly (132ms)
		ExecutionOrderSort (0ms)
		DisableScriptedObjects (5ms)
		BackupInstance (0ms)
		ReleaseScriptingObjects (0ms)
		CreateAndSetChildDomain (21ms)
	RebuildCommonClasses (27ms)
	RebuildNativeTypeToScriptingClass (8ms)
	initialDomainReloadingComplete (38ms)
	LoadAllAssembliesAndSetupDomain (355ms)
		LoadAssemblies (272ms)
		RebuildTransferFunctionScriptingTraits (0ms)
		AnalyzeDomain (157ms)
			TypeCache.Refresh (137ms)
				TypeCache.ScanAssembly (124ms)
			ScanForSourceGeneratedMonoScriptInfo (14ms)
			ResolveRequiredComponents (4ms)
	FinalizeReload (535ms)
		ReleaseScriptCaches (0ms)
		RebuildScriptCaches (0ms)
		SetupLoadedEditorAssemblies (411ms)
			LogAssemblyErrors (0ms)
			InitializePlatformSupportModulesInManaged (20ms)
			SetLoadedEditorAssemblies (3ms)
			RefreshPlugins (0ms)
			BeforeProcessingInitializeOnLoad (55ms)
			ProcessInitializeOnLoadAttributes (310ms)
			ProcessInitializeOnLoadMethodAttributes (17ms)
			AfterProcessingInitializeOnLoad (7ms)
			EditorAssembliesLoaded (0ms)
		ExecutionOrderSort2 (0ms)
		AwakeInstancesAfterBackupRestoration (5ms)
Launched and connected shader compiler UnityShaderCompiler.exe after 0.04 seconds
Refreshing native plugins compatible for Editor in 3.47 ms, found 3 plugins.
Preloading 0 native plugins for Editor in 0.00 ms.
Unloading 3539 Unused Serialized files (Serialized files now loaded: 0)
Unloading 39 unused Assets / (57.5 KB). Loaded Objects now: 4003.
Memory consumption went from 135.2 MB to 135.1 MB.
Total: 2.876900 ms (FindLiveObjects: 0.263800 ms CreateObjectMapping: 0.088800 ms MarkObjects: 2.423800 ms  DeleteObjects: 0.099700 ms)

AssetImportParameters requested are different than current active one (requested -> active):
  custom:container-demuxer-ogg: 62fdf1f143b41e24485cea50d1cbac27 -> 
  custom:video-codec-MediaFoundation-h265: 746d11721c4dcdbdad8f713fa42b33f4 -> 
  custom:video-decoder-ogg-theora: a1e56fd34408186e4bbccfd4996cb3dc -> 
  custom:framework-win-MediaFoundation: 216162199b28c13a410421893ffa2e32 -> 
  custom:CustomObjectIndexerAttribute: 6d391050e5a25f67b0a2c618074f2cd9 -> 
  custom:container-demuxer-webm: 4f35f7cbe854078d1ac9338744f61a02 -> 
  custom:container-muxer-webm: aa71ff27fc2769a1b78a27578f13a17b -> 
  custom:video-decoder-webm-vp8: 9c59270c3fd7afecdb556c50c9e8de78 -> 
  custom:SearchIndexIgnoredProperties: e643bd26f0fe6173181afceb89e7c659 -> 
  custom:AudioImporter_EditorPlatform: d09bf68614088b80899f8185d706f6e7 -> 
  custom:video-encoder-webm-vp8: eb34c28f22e8b96e1ab97ce403110664 -> 
  custom:audio-decoder-ogg-vorbis: bf7c407c2cedff20999df2af8eb42d56 -> 
  custom:audio-encoder-webm-vorbis: bf7c407c2cedff20999df2af8eb42d56 -> 
========================================================================
Received Import Request.
  Time since last request: 613464.290504 seconds.
  path: Assets/Alarm Light/source/09_Alarm_A9A285BE.fbx
  artifactKey: Guid(4ed4837b7e6828341a115b2d532b2f04) Importer(815301076,1909f56bfc062723c751e8b465ee728b)
Start importing Assets/Alarm Light/source/09_Alarm_A9A285BE.fbx using Guid(4ed4837b7e6828341a115b2d532b2f04) Importer(815301076,1909f56bfc062723c751e8b465ee728b)  -> (artifact id: 'aec0468087c8061febce7b0279ff39f2') in 0.119539 seconds
Number of updated asset objects reloaded before import = 0
Number of asset objects unloaded after import = 10
========================================================================
Received Import Request.
  Time since last request: 138.439346 seconds.
  path: Assets/Alarm Light/source/09_Alarm_A9A285BE.fbx
  artifactKey: Guid(4ed4837b7e6828341a115b2d532b2f04) Importer(815301076,1909f56bfc062723c751e8b465ee728b)
Start importing Assets/Alarm Light/source/09_Alarm_A9A285BE.fbx using Guid(4ed4837b7e6828341a115b2d532b2f04) Importer(815301076,1909f56bfc062723c751e8b465ee728b)  -> (artifact id: 'd9ccf1128c8fb50f5544e9372a374f6d') in 0.013057 seconds
Number of updated asset objects reloaded before import = 0
Number of asset objects unloaded after import = 10
========================================================================
Received Import Request.
  Time since last request: 129.595226 seconds.
  path: Assets/alarm (1)
  artifactKey: Guid(621cfafe99e3849479049b428e301af7) Importer(815301076,1909f56bfc062723c751e8b465ee728b)
Start importing Assets/alarm (1) using Guid(621cfafe99e3849479049b428e301af7) Importer(815301076,1909f56bfc062723c751e8b465ee728b)  -> (artifact id: 'bdeba1cb545b0f9ff95cf8a3e4c46a95') in 0.000580 seconds
Number of updated asset objects reloaded before import = 0
Number of asset objects unloaded after import = 0
========================================================================
Received Import Request.
  Time since last request: 1.373070 seconds.
  path: Assets/alarm (1)/source
  artifactKey: Guid(f7ab92b61cf4c8f4dac52b82f6fce643) Importer(815301076,1909f56bfc062723c751e8b465ee728b)
Start importing Assets/alarm (1)/source using Guid(f7ab92b61cf4c8f4dac52b82f6fce643) Importer(815301076,1909f56bfc062723c751e8b465ee728b)  -> (artifact id: 'a140833fd0b34cc245027cecf4bc79ec') in 0.000465 seconds
Number of updated asset objects reloaded before import = 0
Number of asset objects unloaded after import = 0
========================================================================
Received Import Request.
  Time since last request: 1.035757 seconds.
  path: Assets/alarm (1)/source/09_Alarm_A9A285BE.zip
  artifactKey: Guid(1eb637f4b36e3e54ab4bbf0727877b3c) Importer(815301076,1909f56bfc062723c751e8b465ee728b)
Start importing Assets/alarm (1)/source/09_Alarm_A9A285BE.zip using Guid(1eb637f4b36e3e54ab4bbf0727877b3c) Importer(815301076,1909f56bfc062723c751e8b465ee728b)  -> (artifact id: '0af187135a45267f1b141d65e5b5ca7f') in 0.000982 seconds
Number of updated asset objects reloaded before import = 0
Number of asset objects unloaded after import = 1
========================================================================
Received Import Request.
  Time since last request: 59.748479 seconds.
  path: Assets/alarm (1)/source/09_Alarm_A9A285BE
  artifactKey: Guid(053acdd80018861448042167427e3bd3) Importer(815301076,1909f56bfc062723c751e8b465ee728b)
Start importing Assets/alarm (1)/source/09_Alarm_A9A285BE using Guid(053acdd80018861448042167427e3bd3) Importer(815301076,1909f56bfc062723c751e8b465ee728b)  -> (artifact id: '90fe8cb007939ddb55be78dc2bb48a2c') in 0.000534 seconds
Number of updated asset objects reloaded before import = 0
Number of asset objects unloaded after import = 0
========================================================================
Received Import Request.
  Time since last request: 0.554063 seconds.
  path: Assets/alarm (1)/source/09_Alarm_A9A285BE/09_Alarm_A9A285BE.fbx
  artifactKey: Guid(d3540ca27f642ab4c91a1ea4889f25ab) Importer(815301076,1909f56bfc062723c751e8b465ee728b)
Start importing Assets/alarm (1)/source/09_Alarm_A9A285BE/09_Alarm_A9A285BE.fbx using Guid(d3540ca27f642ab4c91a1ea4889f25ab) Importer(815301076,1909f56bfc062723c751e8b465ee728b)  -> (artifact id: '4418681e7c2d1314e5cc9e4dc9086245') in 0.054191 seconds
Number of updated asset objects reloaded before import = 0
Number of asset objects unloaded after import = 10
========================================================================
Received Import Request.
  Time since last request: 7.865874 seconds.
  path: Assets/alarm (1)/source/09_Alarm_A9A285BE/09_Alarm_A9A285BE.fbx
  artifactKey: Guid(d3540ca27f642ab4c91a1ea4889f25ab) Importer(815301076,1909f56bfc062723c751e8b465ee728b)
Start importing Assets/alarm (1)/source/09_Alarm_A9A285BE/09_Alarm_A9A285BE.fbx using Guid(d3540ca27f642ab4c91a1ea4889f25ab) Importer(815301076,1909f56bfc062723c751e8b465ee728b)  -> (artifact id: '0ac22dd0e70972ed639e9077d899a150') in 0.012860 seconds
Number of updated asset objects reloaded before import = 0
Number of asset objects unloaded after import = 10
========================================================================
Received Import Request.
  Time since last request: 0.006121 seconds.
  path: Assets/alarm (1)/source/09_Alarm_A9A285BE/Material.001.mat
  artifactKey: Guid(76b9b159998c2c24bacb84f12f3bf655) Importer(815301076,1909f56bfc062723c751e8b465ee728b)
Start importing Assets/alarm (1)/source/09_Alarm_A9A285BE/Material.001.mat using Guid(76b9b159998c2c24bacb84f12f3bf655) Importer(815301076,1909f56bfc062723c751e8b465ee728b)  -> (artifact id: '6c89c3b8bfb2ffecbc9cd0d02399dbd3') in 0.018065 seconds
Number of updated asset objects reloaded before import = 0
Number of asset objects unloaded after import = 1
========================================================================
Received Import Request.
  Time since last request: 7.994932 seconds.
  path: Assets/SciFi Warehouse Kit/Art/Materials/Light Mat.mat
  artifactKey: Guid(bc9fc69a1c4243343bff25dd7532a1b0) Importer(815301076,1909f56bfc062723c751e8b465ee728b)
Start importing Assets/SciFi Warehouse Kit/Art/Materials/Light Mat.mat using Guid(bc9fc69a1c4243343bff25dd7532a1b0) Importer(815301076,1909f56bfc062723c751e8b465ee728b)  -> (artifact id: 'b2f1c9d37bcbfa6751791e62f03e1799') in 0.015371 seconds
Number of updated asset objects reloaded before import = 0
Number of asset objects unloaded after import = 2
========================================================================
Received Import Request.
  Time since last request: 1.322358 seconds.
  path: Assets/SciFi Warehouse Kit/Art/Materials/Pallet Mat.mat
  artifactKey: Guid(e2f46f807b3b19a4491e113702211cde) Importer(815301076,1909f56bfc062723c751e8b465ee728b)
Start importing Assets/SciFi Warehouse Kit/Art/Materials/Pallet Mat.mat using Guid(e2f46f807b3b19a4491e113702211cde) Importer(815301076,1909f56bfc062723c751e8b465ee728b)  -> (artifact id: 'fe6fd46bebe8d69db45d81792e35efab') in 0.051379 seconds
Number of updated asset objects reloaded before import = 0
Number of asset objects unloaded after import = 3
========================================================================
Received Import Request.
  Time since last request: 0.000019 seconds.
  path: Assets/Thirdparty/Ciathyza/Gridbox Prototype Materials/Materials/Standard/Prototype_512x512_Blue3.mat
  artifactKey: Guid(b0b4de3bd6e976e4f8b3adc6e72377ed) Importer(815301076,1909f56bfc062723c751e8b465ee728b)
Start importing Assets/Thirdparty/Ciathyza/Gridbox Prototype Materials/Materials/Standard/Prototype_512x512_Blue3.mat using Guid(b0b4de3bd6e976e4f8b3adc6e72377ed) Importer(815301076,1909f56bfc062723c751e8b465ee728b)  -> (artifact id: '6f95597e8413ab62edfc59ab3fe72393') in 0.179277 seconds
Number of updated asset objects reloaded before import = 0
Number of asset objects unloaded after import = 3
========================================================================
Received Import Request.
  Time since last request: 0.000024 seconds.
  path: Assets/Thirdparty/Ciathyza/Gridbox Prototype Materials/Materials/Standard/Prototype_512x512_Green2.mat
  artifactKey: Guid(dbe80190c9adea34c8c8845ca4a17934) Importer(815301076,1909f56bfc062723c751e8b465ee728b)
Start importing Assets/Thirdparty/Ciathyza/Gridbox Prototype Materials/Materials/Standard/Prototype_512x512_Green2.mat using Guid(dbe80190c9adea34c8c8845ca4a17934) Importer(815301076,1909f56bfc062723c751e8b465ee728b)  -> (artifact id: 'de5b49a6718355722807a3387c0a649b') in 0.026350 seconds
Number of updated asset objects reloaded before import = 0
Number of asset objects unloaded after import = 3
========================================================================
Received Import Request.
  Time since last request: 0.149538 seconds.
  path: Assets/SciFi Warehouse Kit/Art/Materials/Light Colored Mat.mat
  artifactKey: Guid(367e87b4150214b41963e70ca94a8f27) Importer(815301076,1909f56bfc062723c751e8b465ee728b)
Start importing Assets/SciFi Warehouse Kit/Art/Materials/Light Colored Mat.mat using Guid(367e87b4150214b41963e70ca94a8f27) Importer(815301076,1909f56bfc062723c751e8b465ee728b)  -> (artifact id: 'e84b91a6b7d82eeb0e91f24cf3cd6e40') in 0.007972 seconds
Number of updated asset objects reloaded before import = 0
Number of asset objects unloaded after import = 2
========================================================================
Received Import Request.
  Time since last request: 5.514879 seconds.
  path: Assets/Thirdparty/Ciathyza/Gridbox Prototype Materials/Materials/Standard/Prototype_512x512_Green3.mat
  artifactKey: Guid(f6298605825d7154f8923c76872aa46e) Importer(815301076,1909f56bfc062723c751e8b465ee728b)
Start importing Assets/Thirdparty/Ciathyza/Gridbox Prototype Materials/Materials/Standard/Prototype_512x512_Green3.mat using Guid(f6298605825d7154f8923c76872aa46e) Importer(815301076,1909f56bfc062723c751e8b465ee728b)  -> (artifact id: '1e8163ae97e0bd471b9edc6d8320b0d6') in 0.021721 seconds
Number of updated asset objects reloaded before import = 0
Number of asset objects unloaded after import = 4
========================================================================
Received Import Request.
  Time since last request: 0.418002 seconds.
  path: Assets/Thirdparty/Ciathyza/Gridbox Prototype Materials/Materials/Standard/Prototype_512x512_Grey4.mat
  artifactKey: Guid(8d530ffe6c4968843806085897955b9d) Importer(815301076,1909f56bfc062723c751e8b465ee728b)
Start importing Assets/Thirdparty/Ciathyza/Gridbox Prototype Materials/Materials/Standard/Prototype_512x512_Grey4.mat using Guid(8d530ffe6c4968843806085897955b9d) Importer(815301076,1909f56bfc062723c751e8b465ee728b)  -> (artifact id: '54a82eac79db13342bac245d9371a09d') in 0.017497 seconds
Number of updated asset objects reloaded before import = 0
Number of asset objects unloaded after import = 3
========================================================================
Received Import Request.
  Time since last request: 0.029265 seconds.
  path: Assets/Thirdparty/Ciathyza/Gridbox Prototype Materials/Materials/Standard/Prototype_512x512_Olive.mat
  artifactKey: Guid(f794c8451763f354c84ed1f9b0ea15a5) Importer(815301076,1909f56bfc062723c751e8b465ee728b)
Start importing Assets/Thirdparty/Ciathyza/Gridbox Prototype Materials/Materials/Standard/Prototype_512x512_Olive.mat using Guid(f794c8451763f354c84ed1f9b0ea15a5) Importer(815301076,1909f56bfc062723c751e8b465ee728b)  -> (artifact id: 'ea293247675b0b0b67ca3fd80b92aa65') in 0.021463 seconds
Number of updated asset objects reloaded before import = 0
Number of asset objects unloaded after import = 4
========================================================================
Received Import Request.
  Time since last request: 2.325946 seconds.
  path: Assets/Thirdparty/Ciathyza/Gridbox Prototype Materials/Materials/Standard/Prototype_512x512_Pink.mat
  artifactKey: Guid(4944e2c33c99f9f46a4796e2e746213e) Importer(815301076,1909f56bfc062723c751e8b465ee728b)
Start importing Assets/Thirdparty/Ciathyza/Gridbox Prototype Materials/Materials/Standard/Prototype_512x512_Pink.mat using Guid(4944e2c33c99f9f46a4796e2e746213e) Importer(815301076,1909f56bfc062723c751e8b465ee728b)  -> (artifact id: '80df9d7cf332a96accc3308c338fc23a') in 0.021239 seconds
Number of updated asset objects reloaded before import = 0
Number of asset objects unloaded after import = 4
========================================================================
Received Import Request.
  Time since last request: 0.226556 seconds.
  path: Assets/Thirdparty/Ciathyza/Gridbox Prototype Materials/Materials/Standard/Prototype_512x512_Red.mat
  artifactKey: Guid(5a26de236ce89e94b963be8fa2b7ade6) Importer(815301076,1909f56bfc062723c751e8b465ee728b)
Start importing Assets/Thirdparty/Ciathyza/Gridbox Prototype Materials/Materials/Standard/Prototype_512x512_Red.mat using Guid(5a26de236ce89e94b963be8fa2b7ade6) Importer(815301076,1909f56bfc062723c751e8b465ee728b)  -> (artifact id: '8fe17fcc7ca75aa1ac6a98484ec71f01') in 0.019841 seconds
Number of updated asset objects reloaded before import = 0
Number of asset objects unloaded after import = 3
========================================================================
Received Import Request.
  Time since last request: 0.038315 seconds.
  path: Assets/Thirdparty/Ciathyza/Gridbox Prototype Materials/Materials/Standard/Prototype_512x512_Yellow.mat
  artifactKey: Guid(c852af001dae0064e9acaa832f1dadb7) Importer(815301076,1909f56bfc062723c751e8b465ee728b)
Start importing Assets/Thirdparty/Ciathyza/Gridbox Prototype Materials/Materials/Standard/Prototype_512x512_Yellow.mat using Guid(c852af001dae0064e9acaa832f1dadb7) Importer(815301076,1909f56bfc062723c751e8b465ee728b)  -> (artifact id: 'e613d8abd611c0951e33dcddc03b143c') in 0.015010 seconds
Number of updated asset objects reloaded before import = 0
Number of asset objects unloaded after import = 3
========================================================================
Received Import Request.
  Time since last request: 0.000020 seconds.
  path: Assets/SciFi Warehouse Kit/Art/Materials/Security Cam Mat.mat
  artifactKey: Guid(73af2581c8439614db43aad4500fa480) Importer(815301076,1909f56bfc062723c751e8b465ee728b)
Start importing Assets/SciFi Warehouse Kit/Art/Materials/Security Cam Mat.mat using Guid(73af2581c8439614db43aad4500fa480) Importer(815301076,1909f56bfc062723c751e8b465ee728b)  -> (artifact id: 'c2bfb84591d6e597a9de507df0cacdca') in 0.043211 seconds
Number of updated asset objects reloaded before import = 0
Number of asset objects unloaded after import = 3
========================================================================
Received Import Request.
  Time since last request: 2.733477 seconds.
  path: Assets/alarm (1)/source/09_Alarm_A9A285BE/09_Alarm_A9A285BE.fbx
  artifactKey: Guid(d3540ca27f642ab4c91a1ea4889f25ab) Importer(815301076,1909f56bfc062723c751e8b465ee728b)
Start importing Assets/alarm (1)/source/09_Alarm_A9A285BE/09_Alarm_A9A285BE.fbx using Guid(d3540ca27f642ab4c91a1ea4889f25ab) Importer(815301076,1909f56bfc062723c751e8b465ee728b)  -> (artifact id: 'e2755d930ebe5a2539c3552dd6eb880d') in 0.038098 seconds
Number of updated asset objects reloaded before import = 0
Number of asset objects unloaded after import = 15
========================================================================
Received Import Request.
  Time since last request: 39.026892 seconds.
  path: Assets/SciFi Warehouse Kit/Art/Materials/Shelf Mat.mat
  artifactKey: Guid(1abdbba98f8ab9e4c99e138c1480ceaa) Importer(815301076,1909f56bfc062723c751e8b465ee728b)
Start importing Assets/SciFi Warehouse Kit/Art/Materials/Shelf Mat.mat using Guid(1abdbba98f8ab9e4c99e138c1480ceaa) Importer(815301076,1909f56bfc062723c751e8b465ee728b)  -> (artifact id: 'b17bb804102fa0b114b31f5a97987c5c') in 0.048893 seconds
Number of updated asset objects reloaded before import = 0
Number of asset objects unloaded after import = 3
========================================================================
Received Import Request.
  Time since last request: 0.000024 seconds.
  path: Assets/SciFi Warehouse Kit/Art/Materials/Walls.mat
  artifactKey: Guid(d893f707bc253a84aa1e7d87361c830a) Importer(815301076,1909f56bfc062723c751e8b465ee728b)
Start importing Assets/SciFi Warehouse Kit/Art/Materials/Walls.mat using Guid(d893f707bc253a84aa1e7d87361c830a) Importer(815301076,1909f56bfc062723c751e8b465ee728b)  -> (artifact id: 'e2cb9e867d08a4551f2984162a3b6b2f') in 0.027847 seconds
Number of updated asset objects reloaded before import = 0
Number of asset objects unloaded after import = 3
========================================================================
Received Import Request.
  Time since last request: 0.000055 seconds.
  path: Assets/SciFi Warehouse Kit/Art/Materials/Stairs Mat.mat
  artifactKey: Guid(8c4847c8d50a57747abfb7f8b3da7863) Importer(815301076,1909f56bfc062723c751e8b465ee728b)
Start importing Assets/SciFi Warehouse Kit/Art/Materials/Stairs Mat.mat using Guid(8c4847c8d50a57747abfb7f8b3da7863) Importer(815301076,1909f56bfc062723c751e8b465ee728b)  -> (artifact id: 'c89579dd7e9aeb3b8528ab9780a32ade') in 0.022821 seconds
Number of updated asset objects reloaded before import = 0
Number of asset objects unloaded after import = 3
========================================================================
Received Import Request.
  Time since last request: 0.000090 seconds.
  path: Assets/POG/Vector/Materials/vector_df.mat
  artifactKey: Guid(c7807a9b8d5696e228f8c4e625afd6f6) Importer(815301076,1909f56bfc062723c751e8b465ee728b)
Start importing Assets/POG/Vector/Materials/vector_df.mat using Guid(c7807a9b8d5696e228f8c4e625afd6f6) Importer(815301076,1909f56bfc062723c751e8b465ee728b)  -> (artifact id: '441039da3698c0eca7c7c74f8007b904') in 0.024043 seconds
Number of updated asset objects reloaded before import = 0
Number of asset objects unloaded after import = 2
========================================================================
Received Import Request.
  Time since last request: 1.239864 seconds.
  path: Assets/POG/RatH/rat.fbx
  artifactKey: Guid(5ad16abe91f8513058bf64ea60e7f284) Importer(815301076,1909f56bfc062723c751e8b465ee728b)
Start importing Assets/POG/RatH/rat.fbx using Guid(5ad16abe91f8513058bf64ea60e7f284) Importer(815301076,1909f56bfc062723c751e8b465ee728b)  -> (artifact id: '79da46b0782fedd84fbec6b9aae6ea4f') in 0.038135 seconds
Number of updated asset objects reloaded before import = 0
Number of asset objects unloaded after import = 16
========================================================================
Received Import Request.
  Time since last request: 24.519215 seconds.
  path: Assets/SciFi Warehouse Kit/Art/Materials/Cart.physicMaterial
  artifactKey: Guid(78d04382307048b4681eae7b8232736a) Importer(815301076,1909f56bfc062723c751e8b465ee728b)
Start importing Assets/SciFi Warehouse Kit/Art/Materials/Cart.physicMaterial using Guid(78d04382307048b4681eae7b8232736a) Importer(815301076,1909f56bfc062723c751e8b465ee728b)  -> (artifact id: 'a054d5688c37843e86697af118b7702e') in 0.001202 seconds
Number of updated asset objects reloaded before import = 0
Number of asset objects unloaded after import = 1
========================================================================
Received Import Request.
  Time since last request: 15.843698 seconds.
  path: Assets/SciFi Warehouse Kit/Art/Materials
  artifactKey: Guid(815cdc668bc7ee544a30bdc463602607) Importer(815301076,1909f56bfc062723c751e8b465ee728b)
Start importing Assets/SciFi Warehouse Kit/Art/Materials using Guid(815cdc668bc7ee544a30bdc463602607) Importer(815301076,1909f56bfc062723c751e8b465ee728b)  -> (artifact id: '4b5e9845e83d8793d1aa62ad154b5b63') in 0.000803 seconds
Number of updated asset objects reloaded before import = 0
Number of asset objects unloaded after import = 0
========================================================================
Received Import Request.
  Time since last request: 12.552115 seconds.
  path: Assets/SciFi Warehouse Kit/Art/Materials/New Material.mat
  artifactKey: Guid(3b551ee0fc5243d438236d6f296ace34) Importer(815301076,1909f56bfc062723c751e8b465ee728b)
Start importing Assets/SciFi Warehouse Kit/Art/Materials/New Material.mat using Guid(3b551ee0fc5243d438236d6f296ace34) Importer(815301076,1909f56bfc062723c751e8b465ee728b)  -> (artifact id: 'ce0dfcc946b8c61ae441a79ca05323af') in 0.013174 seconds
Number of updated asset objects reloaded before import = 0
Number of asset objects unloaded after import = 1
========================================================================
Received Import Request.
  Time since last request: 68.084372 seconds.
  path: Assets/SciFi Warehouse Kit/Art/Textures/stairs_s.png
  artifactKey: Guid(136fee9638b763b40a19703de2f8a96f) Importer(815301076,1909f56bfc062723c751e8b465ee728b)
Start importing Assets/SciFi Warehouse Kit/Art/Textures/stairs_s.png using Guid(136fee9638b763b40a19703de2f8a96f) Importer(815301076,1909f56bfc062723c751e8b465ee728b)  -> (artifact id: '11c6ef5cf43b6c57a31825c958779c72') in 0.027327 seconds
Number of updated asset objects reloaded before import = 0
Number of asset objects unloaded after import = 2
========================================================================
Received Import Request.
  Time since last request: 0.004117 seconds.
  path: Assets/SciFi Warehouse Kit/Art/Textures/structure_misc_r.png
  artifactKey: Guid(4c2c9ae5782671e478ab42ef29849ff6) Importer(815301076,1909f56bfc062723c751e8b465ee728b)
Start importing Assets/SciFi Warehouse Kit/Art/Textures/structure_misc_r.png using Guid(4c2c9ae5782671e478ab42ef29849ff6) Importer(815301076,1909f56bfc062723c751e8b465ee728b)  -> (artifact id: 'e1f3333b367517931af17e419f43a492') in 0.023062 seconds
Number of updated asset objects reloaded before import = 0
Number of asset objects unloaded after import = 2
========================================================================
Received Import Request.
  Time since last request: 0.007510 seconds.
  path: Assets/SciFi Warehouse Kit/Art/Textures/structure_props_a.png
  artifactKey: Guid(d323d35d0f47e0444afc48f7d9866119) Importer(815301076,1909f56bfc062723c751e8b465ee728b)
Start importing Assets/SciFi Warehouse Kit/Art/Textures/structure_props_a.png using Guid(d323d35d0f47e0444afc48f7d9866119) Importer(815301076,1909f56bfc062723c751e8b465ee728b)  -> (artifact id: '5a4456d38ebc094f1013558bab415524') in 0.024888 seconds
Number of updated asset objects reloaded before import = 0
Number of asset objects unloaded after import = 2
========================================================================
Received Import Request.
  Time since last request: 0.000021 seconds.
  path: Assets/SciFi Warehouse Kit/Art/Textures/structure_props_s.png
  artifactKey: Guid(aa60ea3c5d53e5940a26d7f5b87c2055) Importer(815301076,1909f56bfc062723c751e8b465ee728b)
Start importing Assets/SciFi Warehouse Kit/Art/Textures/structure_props_s.png using Guid(aa60ea3c5d53e5940a26d7f5b87c2055) Importer(815301076,1909f56bfc062723c751e8b465ee728b)  -> (artifact id: 'cdf7fdba1833cc28472c2539f0096f07') in 0.018308 seconds
Number of updated asset objects reloaded before import = 0
Number of asset objects unloaded after import = 2
========================================================================
Received Import Request.
  Time since last request: 0.000026 seconds.
  path: Assets/SciFi Warehouse Kit/Art/Textures/walkway_a.png
  artifactKey: Guid(b1d10b3c41983df4088e3f1500765ae6) Importer(815301076,1909f56bfc062723c751e8b465ee728b)
Start importing Assets/SciFi Warehouse Kit/Art/Textures/walkway_a.png using Guid(b1d10b3c41983df4088e3f1500765ae6) Importer(815301076,1909f56bfc062723c751e8b465ee728b)  -> (artifact id: 'adb1aa6a25cfcd4e7ac073be8ed3331d') in 0.027355 seconds
Number of updated asset objects reloaded before import = 0
Number of asset objects unloaded after import = 2
========================================================================
Received Import Request.
  Time since last request: 0.000026 seconds.
  path: Assets/SciFi Warehouse Kit/Art/Textures/walls_n.png
  artifactKey: Guid(1153af84499b94845918edffb27b71fa) Importer(815301076,1909f56bfc062723c751e8b465ee728b)
Start importing Assets/SciFi Warehouse Kit/Art/Textures/walls_n.png using Guid(1153af84499b94845918edffb27b71fa) Importer(815301076,1909f56bfc062723c751e8b465ee728b)  -> (artifact id: '605dcafb09c6413f7d29f7d0efd5666b') in 0.029210 seconds
Number of updated asset objects reloaded before import = 0
Number of asset objects unloaded after import = 2
========================================================================
Received Import Request.
  Time since last request: 0.000022 seconds.
  path: Assets/SciFi Warehouse Kit/Art/Textures/wall_light_s.png
  artifactKey: Guid(c76e064a7fdfb92428d5f9d348823e30) Importer(815301076,1909f56bfc062723c751e8b465ee728b)
Start importing Assets/SciFi Warehouse Kit/Art/Textures/wall_light_s.png using Guid(c76e064a7fdfb92428d5f9d348823e30) Importer(815301076,1909f56bfc062723c751e8b465ee728b)  -> (artifact id: '1afb5e184e09acb5dc075ca03b54942a') in 0.022839 seconds
Number of updated asset objects reloaded before import = 0
Number of asset objects unloaded after import = 2
========================================================================
Received Import Request.
  Time since last request: 0.000033 seconds.
  path: Assets/SciFi Warehouse Kit/Art/Textures/walkway_n.png
  artifactKey: Guid(c42df488497626e43ace6a26270b0c56) Importer(815301076,1909f56bfc062723c751e8b465ee728b)
Start importing Assets/SciFi Warehouse Kit/Art/Textures/walkway_n.png using Guid(c42df488497626e43ace6a26270b0c56) Importer(815301076,1909f56bfc062723c751e8b465ee728b)  -> (artifact id: '9a0edfb173154624ce83769310035fb5') in 0.028338 seconds
Number of updated asset objects reloaded before import = 0
Number of asset objects unloaded after import = 2
========================================================================
Received Import Request.
  Time since last request: 0.000023 seconds.
  path: Assets/POG/Vector/vector_df.png
  artifactKey: Guid(af852f98c9b1f2157ad0754d3bd218f2) Importer(815301076,1909f56bfc062723c751e8b465ee728b)
Start importing Assets/POG/Vector/vector_df.png using Guid(af852f98c9b1f2157ad0754d3bd218f2) Importer(815301076,1909f56bfc062723c751e8b465ee728b)  -> (artifact id: 'a501a763adee8957741f50f82dda84c4') in 0.020473 seconds
Number of updated asset objects reloaded before import = 0
Number of asset objects unloaded after import = 2
========================================================================
Received Import Request.
  Time since last request: 0.000022 seconds.
  path: Assets/SciFi Warehouse Kit/Art/Textures/walls_s.png
  artifactKey: Guid(3b02615374e602942a0ee9283cff5d8b) Importer(815301076,1909f56bfc062723c751e8b465ee728b)
Start importing Assets/SciFi Warehouse Kit/Art/Textures/walls_s.png using Guid(3b02615374e602942a0ee9283cff5d8b) Importer(815301076,1909f56bfc062723c751e8b465ee728b)  -> (artifact id: '0831b3cb17f8937be4e2ff3987d7ec14') in 0.021798 seconds
Number of updated asset objects reloaded before import = 0
Number of asset objects unloaded after import = 2
========================================================================
Received Import Request.
  Time since last request: 0.000033 seconds.
  path: Assets/SciFi Warehouse Kit/Art/Textures/structure_misc_n.png
  artifactKey: Guid(4c163bffce96d804aada56a27e79a63f) Importer(815301076,1909f56bfc062723c751e8b465ee728b)
Start importing Assets/SciFi Warehouse Kit/Art/Textures/structure_misc_n.png using Guid(4c163bffce96d804aada56a27e79a63f) Importer(815301076,1909f56bfc062723c751e8b465ee728b)  -> (artifact id: '9a8913daa9cb35f91953f78b3b315396') in 0.022503 seconds
Number of updated asset objects reloaded before import = 0
Number of asset objects unloaded after import = 2
========================================================================
Received Import Request.
  Time since last request: 0.000019 seconds.
  path: Assets/SciFi Warehouse Kit/Art/Textures/walkway_s.png
  artifactKey: Guid(d4a0192731ef5504687e44bbe0837a5f) Importer(815301076,1909f56bfc062723c751e8b465ee728b)
Start importing Assets/SciFi Warehouse Kit/Art/Textures/walkway_s.png using Guid(d4a0192731ef5504687e44bbe0837a5f) Importer(815301076,1909f56bfc062723c751e8b465ee728b)  -> (artifact id: 'cb9454778d0991f4d030cae178e5fabe') in 0.025597 seconds
Number of updated asset objects reloaded before import = 0
Number of asset objects unloaded after import = 2
========================================================================
Received Import Request.
  Time since last request: 0.000017 seconds.
  path: Assets/SciFi Warehouse Kit/Art/Textures/Skybox/Up.png
  artifactKey: Guid(3c564301b9820a14e9455ebdcc20a898) Importer(815301076,1909f56bfc062723c751e8b465ee728b)
Start importing Assets/SciFi Warehouse Kit/Art/Textures/Skybox/Up.png using Guid(3c564301b9820a14e9455ebdcc20a898) Importer(815301076,1909f56bfc062723c751e8b465ee728b)  -> (artifact id: 'abb137ec3de1648751cc87f0615c189d') in 0.024266 seconds
Number of updated asset objects reloaded before import = 0
Number of asset objects unloaded after import = 2
========================================================================
Received Import Request.
  Time since last request: 3.584814 seconds.
  path: Assets/Controller/Sprites/pirate-cannon.png
  artifactKey: Guid(4f8de12695b4b97e6a55ca118d27c4df) Importer(815301076,1909f56bfc062723c751e8b465ee728b)
Start importing Assets/Controller/Sprites/pirate-cannon.png using Guid(4f8de12695b4b97e6a55ca118d27c4df) Importer(815301076,1909f56bfc062723c751e8b465ee728b)  -> (artifact id: '92d5d110bae85cdf3f3921f9646675fc') in 0.029683 seconds
Number of updated asset objects reloaded before import = 0
Number of asset objects unloaded after import = 3
========================================================================
Received Import Request.
  Time since last request: 172.400390 seconds.
  path: Assets/Light/source
  artifactKey: Guid(e62b31d2376f5f4479a73b6e3822831d) Importer(815301076,1909f56bfc062723c751e8b465ee728b)
Start importing Assets/Light/source using Guid(e62b31d2376f5f4479a73b6e3822831d) Importer(815301076,1909f56bfc062723c751e8b465ee728b)  -> (artifact id: '83c367678d1ec2e5e968c6c6e81bc050') in 0.000562 seconds
Number of updated asset objects reloaded before import = 0
Number of asset objects unloaded after import = 0
========================================================================
Received Import Request.
  Time since last request: 0.047579 seconds.
  path: Assets/Light/source/Bec-Alarma-Rosu-High-Poly.fbx
  artifactKey: Guid(2c083f29ee736e040b61335c383280b2) Importer(815301076,1909f56bfc062723c751e8b465ee728b)
Start importing Assets/Light/source/Bec-Alarma-Rosu-High-Poly.fbx using Guid(2c083f29ee736e040b61335c383280b2) Importer(815301076,1909f56bfc062723c751e8b465ee728b)  -> (artifact id: 'cc6099d054c6508df4adf3febb787dc2') in 0.031175 seconds
Number of updated asset objects reloaded before import = 0
Number of asset objects unloaded after import = 11
========================================================================
Received Import Request.
  Time since last request: 13.511145 seconds.
  path: Assets/Light/source/Bec-Alarma-Rosu-High-Poly.fbx
  artifactKey: Guid(2c083f29ee736e040b61335c383280b2) Importer(815301076,1909f56bfc062723c751e8b465ee728b)
Start importing Assets/Light/source/Bec-Alarma-Rosu-High-Poly.fbx using Guid(2c083f29ee736e040b61335c383280b2) Importer(815301076,1909f56bfc062723c751e8b465ee728b)  -> (artifact id: '6b73f365f6d8179dd037e6302fd4a444') in 0.021601 seconds
Number of updated asset objects reloaded before import = 0
Number of asset objects unloaded after import = 11
========================================================================
Received Import Request.
  Time since last request: 0.010862 seconds.
  path: Assets/Light/source/Lumina.mat
  artifactKey: Guid(6eb93cd5ba355b740bd22b4e72ed082a) Importer(815301076,1909f56bfc062723c751e8b465ee728b)
Start importing Assets/Light/source/Lumina.mat using Guid(6eb93cd5ba355b740bd22b4e72ed082a) Importer(815301076,1909f56bfc062723c751e8b465ee728b)  -> (artifact id: '9135ec71d67344986d2cde06919ea2ad') in 0.016700 seconds
Number of updated asset objects reloaded before import = 0
Number of asset objects unloaded after import = 1
========================================================================
Received Import Request.
  Time since last request: 0.000060 seconds.
  path: Assets/Light/source/Metal.mat
  artifactKey: Guid(5fb95652d510a584cbedea7bfaa2e239) Importer(815301076,1909f56bfc062723c751e8b465ee728b)
Start importing Assets/Light/source/Metal.mat using Guid(5fb95652d510a584cbedea7bfaa2e239) Importer(815301076,1909f56bfc062723c751e8b465ee728b)  -> (artifact id: '98cae8d19a3b4cc34c77435fe88fee4d') in 0.015831 seconds
Number of updated asset objects reloaded before import = 0
Number of asset objects unloaded after import = 1
========================================================================
Received Import Request.
  Time since last request: 0.000024 seconds.
  path: Assets/Light/source/Metal.001.mat
  artifactKey: Guid(4515e7c7e954712468083b86d1b7a0b9) Importer(815301076,1909f56bfc062723c751e8b465ee728b)
Start importing Assets/Light/source/Metal.001.mat using Guid(4515e7c7e954712468083b86d1b7a0b9) Importer(815301076,1909f56bfc062723c751e8b465ee728b)  -> (artifact id: '3b0011d0cf9eb9712ce776eb55354fe1') in 0.018211 seconds
Number of updated asset objects reloaded before import = 0
Number of asset objects unloaded after import = 1
Editor requested this worker to shutdown with reason: Scaling down because of idle timeout
TcpMessagingSession - receive error: operation aborted. errorcode: 995, details: The I/O operation has been aborted because of either a thread exit or an application request.
AssetImportWorker is now disconnected from the server
Process exiting
Exiting without the bug reporter. Application will terminate with return code 0